Feb-09 12:23:03.881 [main] DEBUG nextflow.cli.Launcher - $> nextflow kuberun Nine-s/rnasplice_generated_modified_reduced_ -r master -c nextflow.config -resume
Feb-09 12:23:04.075 [main] DEBUG nextflow.plugin.PluginsFacade - Setting up plugin manager > mode=prod; embedded=false; plugins-dir=/home/ninon/.nextflow/plugins; core-plugins: nf-amazon@2.1.4,nf-azure@1.3.2,nf-cloudcache@0.3.0,nf-codecommit@0.1.5,nf-console@1.0.6,nf-ga4gh@1.1.0,nf-google@1.8.3,nf-tower@1.6.3,nf-wave@0.14.0
Feb-09 12:23:04.085 [main] INFO  o.pf4j.DefaultPluginStatusProvider - Enabled plugins: []
Feb-09 12:23:04.087 [main] INFO  o.pf4j.DefaultPluginStatusProvider - Disabled plugins: []
Feb-09 12:23:04.090 [main] INFO  org.pf4j.DefaultPluginManager - PF4J version 3.4.1 in 'deployment' mode
Feb-09 12:23:04.100 [main] INFO  org.pf4j.AbstractPluginManager - No plugins
Feb-09 12:23:04.114 [main] DEBUG nextflow.scm.ProviderConfig - Using SCM config path: /home/ninon/.nextflow/scm
Feb-09 12:23:04.142 [main] DEBUG nextflow.scm.RepositoryFactory - Found Git repository result: [RepositoryFactory]
Feb-09 12:23:04.151 [main] DEBUG nextflow.scm.RepositoryProvider - Request [credentials -:-] -> https://api.github.com/repos/Nine-s/rnasplice_generated_modified_reduced_/contents/nextflow.config
Feb-09 12:23:04.627 [main] DEBUG nextflow.config.ConfigBuilder - Found config local: /home/ninon/description_prototype/v1/generated_workflow_modified_reduced/nextflow.config
Feb-09 12:23:04.633 [main] DEBUG nextflow.config.ConfigBuilder - User config file: https://github.com/Nine-s/rnasplice_generated_modified_reduced_/nextflow.config
Feb-09 12:23:04.633 [main] DEBUG nextflow.config.ConfigBuilder - User config file: /home/ninon/description_prototype/v1/generated_workflow_modified_reduced/nextflow.config
Feb-09 12:23:04.634 [main] DEBUG nextflow.config.ConfigBuilder - Parsing config file: /home/ninon/description_prototype/v1/generated_workflow_modified_reduced/nextflow.config
Feb-09 12:23:04.634 [main] DEBUG nextflow.config.ConfigBuilder - Parsing config file: https://github.com/Nine-s/rnasplice_generated_modified_reduced_/nextflow.config
Feb-09 12:23:04.635 [main] DEBUG nextflow.config.ConfigBuilder - Parsing config file: /home/ninon/description_prototype/v1/generated_workflow_modified_reduced/nextflow.config
Feb-09 12:23:04.658 [main] DEBUG nextflow.config.ConfigBuilder - Applying config profile: `standard`
Feb-09 12:23:05.464 [main] DEBUG nextflow.config.ConfigBuilder - Applying config profile: `standard`
Feb-09 12:23:05.472 [main] DEBUG nextflow.config.ConfigBuilder - Applying config profile: `standard`
Feb-09 12:23:05.482 [main] WARN  nextflow.config.ConfigBuilder - It appears you have never run this project before -- Option `-resume` is ignored
Feb-09 12:23:05.559 [main] DEBUG nextflow.k8s.K8sConfig - Kubernetes workDir=/workspace/ninon/work; projectDir=/workspace/projects; volumeClaims=[nextflow-ninon]
Feb-09 12:23:05.759 [main] DEBUG nextflow.scm.ProviderConfig - Using SCM config path: /home/ninon/.nextflow/scm
Feb-09 12:23:05.875 [main] DEBUG nextflow.k8s.K8sDriverLauncher - Created K8s configMap with name: nf-config-2f19950a
Feb-09 12:23:05.980 [main] INFO  nextflow.k8s.K8sDriverLauncher - Launcher pod spec file: .nextflow.pod.yaml
Feb-09 12:23:48.191 [main] DEBUG nextflow.k8s.K8sDriverLauncher - Wait for pod termination name=distracted-hawking
